10:04:17.152 INFO  Criteria - domain.dto.Criteria@7f010382
10:04:23.443 INFO  Criteria - domain.dto.Criteria@7f010382
10:04:27.779 INFO  Criteria - domain.dto.Criteria@7f010382
10:10:02.822 INFO  Criteria - domain.dto.Criteria@7f010382
10:11:47.680 INFO  Criteria - domain.dto.Criteria@159f197
10:17:03.680 INFO  Criteria - 0
10:17:14.307 INFO  Criteria - 40
10:17:45.407 INFO  Criteria - 10
10:17:53.644 INFO  Criteria - 20
10:18:02.037 INFO  Criteria - 30
10:18:06.931 INFO  Criteria - 30
10:18:11.092 INFO  Criteria - 30
10:20:29.303 INFO  Criteria - 10
10:39:08.392 INFO  sqltiming - select * from tbl_board order by bno desc limit 10 offset 0
 {executed in 8 msec}
10:39:08.422 INFO  resultsettable - 
|----|----------------------------------|---------------------------------------------------------------------------------------------------------------------------------------------------------------------------------------------------------------------------------------------------------------------------------------------------------------------------------------------------------------------------------------------------------------------------------------------------------------------------------------------------------------------------------------------------------------------------------------------------|--------|--------------------|--------------------|----|----|
|bno |title                             |content                                                                                                                                                                                                                                                                                                                                                                                                                                                                                                                                                                                            |id      |regdate             |moddate             |cnt |cno |
|----|----------------------------------|---------------------------------------------------------------------------------------------------------------------------------------------------------------------------------------------------------------------------------------------------------------------------------------------------------------------------------------------------------------------------------------------------------------------------------------------------------------------------------------------------------------------------------------------------------------------------------------------------|--------|--------------------|--------------------|----|----|
|136 |새똥이의 글                            |내용                                                                                                                                                                                                                                                                                                                                                                                                                                                                                                                                                                                                 |sae     |2025-06-18 09:52:02 |2025-06-18 09:52:02 |0   |2   |
|135 |Where is rail no.999?             |I cannot find it anywhere!                                                                                                                                                                                                                                                                                                                                                                                                                                                                                                                                                                         |sae     |2025-06-18 09:52:02 |2025-06-18 09:52:02 |0   |2   |
|134 |Lost pet turtles and rats         |I was on a trip to a chemical plant and I lost my pets!                                                                                                                                                                                                                                                                                                                                                                                                                                                                                                                                            |sae     |2025-06-18 09:52:02 |2025-06-18 09:52:02 |0   |2   |
|133 |1234                              |<p>1324</p>
                                                                                                                                                                                                                                                                                                                                                                                                                                                                                                                                                                                      |gitbaby |2025-06-18 09:52:02 |2025-06-18 09:52:02 |0   |2   |
|132 |BookFlix                          |<h1>북플릭스</h1>

<p>&nbsp;</p>

<p>최근 디지털 콘텐츠 시장에서 전자책 구독 서비스가 주목받고 있는 점을 고려하여, 사용자가 멤버십을 통해 다양한 전자책을 자유롭게 열람할 수 있도록 지원하고, 구독 기간 관리 및 독서 이력을 통해 개인화된 독서 경험을 제공하는 구독형 전자책 플랫폼 구축</p>

<h1>프로젝트 목표</h1>

<p>&nbsp;</p>

<ul>
	<li>실제 구독형 콘텐츠 서비스의 흐름을 반영한 전자책 플랫폼의 기본 기능 구현</li>
	<li>Java와 Servlet을 활용하여 웹 애플리케이션 개발 실습 경험 축적</li>
	<li>데이터베이스 설계와 SQL 활용을 통해 관계형 데이터베이스(MariaDB) 사용 능력 향상</li>
	<li>객체지향 프로그래밍의 기본 원칙을 적용하여 유지보수가 가능한 코드 구조 설계 연습</li>
	<li>학습 중인 기술(Java, DB, HTML, CSS 등)을 실전 프로젝트에 적용하며 기초 실력을 다지는 것에 목표</li>
	<li>팀원 간 협업을 통한 Git 사용 및 코드 공유 경험 쌓기</li>
</ul>
 |gitbaby |2025-06-18 09:52:02 |2025-06-18 09:52:02 |0   |2   |
|131 |Where is the nearest gas station? |<p>I can&#39;t find a single station in this city!</p>
                                                                                                                                                                                                                                                                                                                                                                                                                                                                                                                                           |gitbaby |2025-06-18 09:52:02 |2025-06-18 09:52:02 |0   |2   |
|130 |새똥이의 글                            |내용                                                                                                                                                                                                                                                                                                                                                                                                                                                                                                                                                                                                 |sae     |2025-06-18 09:52:02 |2025-06-18 09:52:02 |0   |1   |
|129 |새똥이의 글                            |내용                                                                                                                                                                                                                                                                                                                                                                                                                                                                                                                                                                                                 |sae     |2025-06-18 09:52:02 |2025-06-18 09:52:02 |0   |1   |
|128 |새똥이의 글                            |내용                                                                                                                                                                                                                                                                                                                                                                                                                                                                                                                                                                                                 |sae     |2025-06-18 09:52:02 |2025-06-18 09:52:02 |0   |1   |
|127 |새똥이의 글                            |내용                                                                                                                                                                                                                                                                                                                                                                                                                                                                                                                                                                                                 |sae     |2025-06-18 09:52:02 |2025-06-18 09:52:02 |0   |1   |
|----|----------------------------------|---------------------------------------------------------------------------------------------------------------------------------------------------------------------------------------------------------------------------------------------------------------------------------------------------------------------------------------------------------------------------------------------------------------------------------------------------------------------------------------------------------------------------------------------------------------------------------------------------|--------|--------------------|--------------------|----|----|

10:39:08.441 INFO  BoardService - Board(bno=136, title=새똥이의 글, content=내용, id=sae, regdate=2025-06-18 09:52:02, moddate=2025-06-18 09:52:02, cnt=0, cno=2)
10:39:08.450 INFO  BoardService - Board(bno=135, title=Where is rail no.999?, content=I cannot find it anywhere!, id=sae, regdate=2025-06-18 09:52:02, moddate=2025-06-18 09:52:02, cnt=0, cno=2)
10:39:08.450 INFO  BoardService - Board(bno=134, title=Lost pet turtles and rats, content=I was on a trip to a chemical plant and I lost my pets!, id=sae, regdate=2025-06-18 09:52:02, moddate=2025-06-18 09:52:02, cnt=0, cno=2)
10:39:08.450 INFO  BoardService - Board(bno=133, title=1234, content=<p>1324</p>
, id=gitbaby, regdate=2025-06-18 09:52:02, moddate=2025-06-18 09:52:02, cnt=0, cno=2)
10:39:08.450 INFO  BoardService - Board(bno=132, title=BookFlix, content=<h1>북플릭스</h1>

<p>&nbsp;</p>

<p>최근 디지털 콘텐츠 시장에서 전자책 구독 서비스가 주목받고 있는 점을 고려하여, 사용자가 멤버십을 통해 다양한 전자책을 자유롭게 열람할 수 있도록 지원하고, 구독 기간 관리 및 독서 이력을 통해 개인화된 독서 경험을 제공하는 구독형 전자책 플랫폼 구축</p>

<h1>프로젝트 목표</h1>

<p>&nbsp;</p>

<ul>
	<li>실제 구독형 콘텐츠 서비스의 흐름을 반영한 전자책 플랫폼의 기본 기능 구현</li>
	<li>Java와 Servlet을 활용하여 웹 애플리케이션 개발 실습 경험 축적</li>
	<li>데이터베이스 설계와 SQL 활용을 통해 관계형 데이터베이스(MariaDB) 사용 능력 향상</li>
	<li>객체지향 프로그래밍의 기본 원칙을 적용하여 유지보수가 가능한 코드 구조 설계 연습</li>
	<li>학습 중인 기술(Java, DB, HTML, CSS 등)을 실전 프로젝트에 적용하며 기초 실력을 다지는 것에 목표</li>
	<li>팀원 간 협업을 통한 Git 사용 및 코드 공유 경험 쌓기</li>
</ul>
, id=gitbaby, regdate=2025-06-18 09:52:02, moddate=2025-06-18 09:52:02, cnt=0, cno=2)
10:39:08.451 INFO  BoardService - Board(bno=131, title=Where is the nearest gas station?, content=<p>I can&#39;t find a single station in this city!</p>
, id=gitbaby, regdate=2025-06-18 09:52:02, moddate=2025-06-18 09:52:02, cnt=0, cno=2)
10:39:08.451 INFO  BoardService - Board(bno=130, title=새똥이의 글, content=내용, id=sae, regdate=2025-06-18 09:52:02, moddate=2025-06-18 09:52:02, cnt=0, cno=1)
10:39:08.451 INFO  BoardService - Board(bno=129, title=새똥이의 글, content=내용, id=sae, regdate=2025-06-18 09:52:02, moddate=2025-06-18 09:52:02, cnt=0, cno=1)
10:39:08.451 INFO  BoardService - Board(bno=128, title=새똥이의 글, content=내용, id=sae, regdate=2025-06-18 09:52:02, moddate=2025-06-18 09:52:02, cnt=0, cno=1)
10:39:08.451 INFO  BoardService - Board(bno=127, title=새똥이의 글, content=내용, id=sae, regdate=2025-06-18 09:52:02, moddate=2025-06-18 09:52:02, cnt=0, cno=1)
10:39:46.537 INFO  sqltiming - select * from tbl_board order by bno desc limit 10 offset 0
 {executed in 8 msec}
10:39:46.568 INFO  resultsettable - 
|----|----------------------------------|---------------------------------------------------------------------------------------------------------------------------------------------------------------------------------------------------------------------------------------------------------------------------------------------------------------------------------------------------------------------------------------------------------------------------------------------------------------------------------------------------------------------------------------------------------------------------------------------------|--------|--------------------|--------------------|----|----|
|bno |title                             |content                                                                                                                                                                                                                                                                                                                                                                                                                                                                                                                                                                                            |id      |regdate             |moddate             |cnt |cno |
|----|----------------------------------|---------------------------------------------------------------------------------------------------------------------------------------------------------------------------------------------------------------------------------------------------------------------------------------------------------------------------------------------------------------------------------------------------------------------------------------------------------------------------------------------------------------------------------------------------------------------------------------------------|--------|--------------------|--------------------|----|----|
|136 |새똥이의 글                            |내용                                                                                                                                                                                                                                                                                                                                                                                                                                                                                                                                                                                                 |sae     |2025-06-18 09:52:02 |2025-06-18 09:52:02 |0   |2   |
|135 |Where is rail no.999?             |I cannot find it anywhere!                                                                                                                                                                                                                                                                                                                                                                                                                                                                                                                                                                         |sae     |2025-06-18 09:52:02 |2025-06-18 09:52:02 |0   |2   |
|134 |Lost pet turtles and rats         |I was on a trip to a chemical plant and I lost my pets!                                                                                                                                                                                                                                                                                                                                                                                                                                                                                                                                            |sae     |2025-06-18 09:52:02 |2025-06-18 09:52:02 |0   |2   |
|133 |1234                              |<p>1324</p>
                                                                                                                                                                                                                                                                                                                                                                                                                                                                                                                                                                                      |gitbaby |2025-06-18 09:52:02 |2025-06-18 09:52:02 |0   |2   |
|132 |BookFlix                          |<h1>북플릭스</h1>

<p>&nbsp;</p>

<p>최근 디지털 콘텐츠 시장에서 전자책 구독 서비스가 주목받고 있는 점을 고려하여, 사용자가 멤버십을 통해 다양한 전자책을 자유롭게 열람할 수 있도록 지원하고, 구독 기간 관리 및 독서 이력을 통해 개인화된 독서 경험을 제공하는 구독형 전자책 플랫폼 구축</p>

<h1>프로젝트 목표</h1>

<p>&nbsp;</p>

<ul>
	<li>실제 구독형 콘텐츠 서비스의 흐름을 반영한 전자책 플랫폼의 기본 기능 구현</li>
	<li>Java와 Servlet을 활용하여 웹 애플리케이션 개발 실습 경험 축적</li>
	<li>데이터베이스 설계와 SQL 활용을 통해 관계형 데이터베이스(MariaDB) 사용 능력 향상</li>
	<li>객체지향 프로그래밍의 기본 원칙을 적용하여 유지보수가 가능한 코드 구조 설계 연습</li>
	<li>학습 중인 기술(Java, DB, HTML, CSS 등)을 실전 프로젝트에 적용하며 기초 실력을 다지는 것에 목표</li>
	<li>팀원 간 협업을 통한 Git 사용 및 코드 공유 경험 쌓기</li>
</ul>
 |gitbaby |2025-06-18 09:52:02 |2025-06-18 09:52:02 |0   |2   |
|131 |Where is the nearest gas station? |<p>I can&#39;t find a single station in this city!</p>
                                                                                                                                                                                                                                                                                                                                                                                                                                                                                                                                           |gitbaby |2025-06-18 09:52:02 |2025-06-18 09:52:02 |0   |2   |
|130 |새똥이의 글                            |내용                                                                                                                                                                                                                                                                                                                                                                                                                                                                                                                                                                                                 |sae     |2025-06-18 09:52:02 |2025-06-18 09:52:02 |0   |1   |
|129 |새똥이의 글                            |내용                                                                                                                                                                                                                                                                                                                                                                                                                                                                                                                                                                                                 |sae     |2025-06-18 09:52:02 |2025-06-18 09:52:02 |0   |1   |
|128 |새똥이의 글                            |내용                                                                                                                                                                                                                                                                                                                                                                                                                                                                                                                                                                                                 |sae     |2025-06-18 09:52:02 |2025-06-18 09:52:02 |0   |1   |
|127 |새똥이의 글                            |내용                                                                                                                                                                                                                                                                                                                                                                                                                                                                                                                                                                                                 |sae     |2025-06-18 09:52:02 |2025-06-18 09:52:02 |0   |1   |
|----|----------------------------------|---------------------------------------------------------------------------------------------------------------------------------------------------------------------------------------------------------------------------------------------------------------------------------------------------------------------------------------------------------------------------------------------------------------------------------------------------------------------------------------------------------------------------------------------------------------------------------------------------|--------|--------------------|--------------------|----|----|

10:39:46.596 INFO  BoardService - 새똥이의 글
10:39:46.598 INFO  BoardService - Where is rail no.999?
10:39:46.598 INFO  BoardService - Lost pet turtles and rats
10:39:46.598 INFO  BoardService - 1234
10:39:46.598 INFO  BoardService - BookFlix
10:39:46.598 INFO  BoardService - Where is the nearest gas station?
10:39:46.599 INFO  BoardService - 새똥이의 글
10:39:46.599 INFO  BoardService - 새똥이의 글
10:39:46.599 INFO  BoardService - 새똥이의 글
10:39:46.599 INFO  BoardService - 새똥이의 글
10:40:22.042 INFO  sqltiming - select * from tbl_board order by bno desc limit 50 offset 100
 {executed in 8 msec}
10:40:22.095 INFO  resultsettable - 
|----|----------------------------------|---------------------------------------------------------------------------------------------------------------------------------------------------------------------------------------------------------------------------------------------------------------------------------------------------------------------------------------------------------------------------------------------------------------------------------------------------------------------------------------------------------------------------------------------------------------------------------------------------|--------|--------------------|--------------------|----|----|
|bno |title                             |content                                                                                                                                                                                                                                                                                                                                                                                                                                                                                                                                                                                            |id      |regdate             |moddate             |cnt |cno |
|----|----------------------------------|---------------------------------------------------------------------------------------------------------------------------------------------------------------------------------------------------------------------------------------------------------------------------------------------------------------------------------------------------------------------------------------------------------------------------------------------------------------------------------------------------------------------------------------------------------------------------------------------------|--------|--------------------|--------------------|----|----|
|36  |새똥이의 글                            |내용                                                                                                                                                                                                                                                                                                                                                                                                                                                                                                                                                                                                 |sae     |2025-06-18 09:50:46 |2025-06-18 09:50:46 |0   |1   |
|35  |새똥이의 글                            |내용                                                                                                                                                                                                                                                                                                                                                                                                                                                                                                                                                                                                 |sae     |2025-06-18 09:50:45 |2025-06-18 09:50:45 |0   |1   |
|34  |새똥이의 글                            |내용                                                                                                                                                                                                                                                                                                                                                                                                                                                                                                                                                                                                 |sae     |2025-06-18 09:50:45 |2025-06-18 09:50:45 |0   |1   |
|33  |새똥이의 글                            |내용                                                                                                                                                                                                                                                                                                                                                                                                                                                                                                                                                                                                 |sae     |2025-06-18 09:50:45 |2025-06-18 09:50:45 |0   |1   |
|32  |새똥이의 글                            |내용                                                                                                                                                                                                                                                                                                                                                                                                                                                                                                                                                                                                 |sae     |2025-06-18 09:50:45 |2025-06-18 09:50:45 |0   |1   |
|31  |새똥이의 글                            |내용                                                                                                                                                                                                                                                                                                                                                                                                                                                                                                                                                                                                 |sae     |2025-06-18 09:50:45 |2025-06-18 09:50:45 |0   |1   |
|30  |새똥이의 글                            |내용                                                                                                                                                                                                                                                                                                                                                                                                                                                                                                                                                                                                 |sae     |2025-06-18 09:50:44 |2025-06-18 09:50:44 |0   |1   |
|29  |새똥이의 글                            |내용                                                                                                                                                                                                                                                                                                                                                                                                                                                                                                                                                                                                 |sae     |2025-06-18 09:50:44 |2025-06-18 09:50:44 |0   |1   |
|28  |새똥이의 글                            |내용                                                                                                                                                                                                                                                                                                                                                                                                                                                                                                                                                                                                 |sae     |2025-06-18 09:50:44 |2025-06-18 09:50:44 |0   |1   |
|27  |새똥이의 글                            |내용                                                                                                                                                                                                                                                                                                                                                                                                                                                                                                                                                                                                 |sae     |2025-06-18 09:50:44 |2025-06-18 09:50:44 |0   |1   |
|26  |새똥이의 글                            |내용                                                                                                                                                                                                                                                                                                                                                                                                                                                                                                                                                                                                 |sae     |2025-06-18 09:50:43 |2025-06-18 09:50:43 |0   |1   |
|25  |새똥이의 글                            |내용                                                                                                                                                                                                                                                                                                                                                                                                                                                                                                                                                                                                 |sae     |2025-06-18 09:50:43 |2025-06-18 09:50:43 |0   |1   |
|24  |새똥이의 글                            |내용                                                                                                                                                                                                                                                                                                                                                                                                                                                                                                                                                                                                 |sae     |2025-06-18 09:50:43 |2025-06-18 09:50:43 |0   |1   |
|23  |새똥이의 글                            |내용                                                                                                                                                                                                                                                                                                                                                                                                                                                                                                                                                                                                 |sae     |2025-06-18 09:50:43 |2025-06-18 09:50:43 |0   |1   |
|22  |새똥이의 글                            |내용                                                                                                                                                                                                                                                                                                                                                                                                                                                                                                                                                                                                 |sae     |2025-06-18 09:49:37 |2025-06-18 09:49:37 |0   |1   |
|21  |새똥이의 글                            |내용                                                                                                                                                                                                                                                                                                                                                                                                                                                                                                                                                                                                 |sae     |2025-06-18 09:49:36 |2025-06-18 09:49:36 |0   |1   |
|20  |새똥이의 글                            |내용                                                                                                                                                                                                                                                                                                                                                                                                                                                                                                                                                                                                 |sae     |2025-06-18 09:49:36 |2025-06-18 09:49:36 |0   |1   |
|19  |새똥이의 글                            |내용                                                                                                                                                                                                                                                                                                                                                                                                                                                                                                                                                                                                 |sae     |2025-06-18 09:49:36 |2025-06-18 09:49:36 |0   |1   |
|18  |새똥이의 글                            |내용                                                                                                                                                                                                                                                                                                                                                                                                                                                                                                                                                                                                 |sae     |2025-06-18 09:49:36 |2025-06-18 09:49:36 |0   |1   |
|17  |새똥이의 글                            |내용                                                                                                                                                                                                                                                                                                                                                                                                                                                                                                                                                                                                 |sae     |2025-06-18 09:49:36 |2025-06-18 09:49:36 |0   |1   |
|16  |새똥이의 글                            |내용                                                                                                                                                                                                                                                                                                                                                                                                                                                                                                                                                                                                 |sae     |2025-06-18 09:49:36 |2025-06-18 09:49:36 |0   |1   |
|15  |새똥이의 글                            |내용                                                                                                                                                                                                                                                                                                                                                                                                                                                                                                                                                                                                 |sae     |2025-06-18 09:49:35 |2025-06-18 09:49:35 |0   |1   |
|14  |새똥이의 글                            |내용                                                                                                                                                                                                                                                                                                                                                                                                                                                                                                                                                                                                 |sae     |2025-06-18 09:49:35 |2025-06-18 09:49:35 |0   |1   |
|13  |새똥이의 글                            |내용                                                                                                                                                                                                                                                                                                                                                                                                                                                                                                                                                                                                 |sae     |2025-06-18 09:49:35 |2025-06-18 09:49:35 |0   |1   |
|12  |새똥이의 글                            |내용                                                                                                                                                                                                                                                                                                                                                                                                                                                                                                                                                                                                 |sae     |2025-06-18 09:49:35 |2025-06-18 09:49:35 |0   |1   |
|11  |새똥이의 글                            |내용                                                                                                                                                                                                                                                                                                                                                                                                                                                                                                                                                                                                 |sae     |2025-06-18 09:49:35 |2025-06-18 09:49:35 |0   |1   |
|10  |새똥이의 글                            |내용                                                                                                                                                                                                                                                                                                                                                                                                                                                                                                                                                                                                 |sae     |2025-06-18 09:49:35 |2025-06-18 09:49:35 |0   |1   |
|9   |새똥이의 글                            |내용                                                                                                                                                                                                                                                                                                                                                                                                                                                                                                                                                                                                 |sae     |2025-06-18 09:49:34 |2025-06-18 09:49:34 |0   |1   |
|8   |새똥이의 글                            |내용                                                                                                                                                                                                                                                                                                                                                                                                                                                                                                                                                                                                 |sae     |2025-06-18 09:49:34 |2025-06-18 09:49:34 |0   |1   |
|7   |새똥이의 글                            |내용                                                                                                                                                                                                                                                                                                                                                                                                                                                                                                                                                                                                 |sae     |2025-06-18 09:49:19 |2025-06-18 09:49:19 |0   |1   |
|6   |Where is the nearest gas station? |<p>I can&#39;t find a single station in this city!</p>
                                                                                                                                                                                                                                                                                                                                                                                                                                                                                                                                           |gitbaby |2025-06-18 09:43:13 |2025-06-18 09:43:13 |0   |2   |
|5   |BookFlix                          |<h1>북플릭스</h1>

<p>&nbsp;</p>

<p>최근 디지털 콘텐츠 시장에서 전자책 구독 서비스가 주목받고 있는 점을 고려하여, 사용자가 멤버십을 통해 다양한 전자책을 자유롭게 열람할 수 있도록 지원하고, 구독 기간 관리 및 독서 이력을 통해 개인화된 독서 경험을 제공하는 구독형 전자책 플랫폼 구축</p>

<h1>프로젝트 목표</h1>

<p>&nbsp;</p>

<ul>
	<li>실제 구독형 콘텐츠 서비스의 흐름을 반영한 전자책 플랫폼의 기본 기능 구현</li>
	<li>Java와 Servlet을 활용하여 웹 애플리케이션 개발 실습 경험 축적</li>
	<li>데이터베이스 설계와 SQL 활용을 통해 관계형 데이터베이스(MariaDB) 사용 능력 향상</li>
	<li>객체지향 프로그래밍의 기본 원칙을 적용하여 유지보수가 가능한 코드 구조 설계 연습</li>
	<li>학습 중인 기술(Java, DB, HTML, CSS 등)을 실전 프로젝트에 적용하며 기초 실력을 다지는 것에 목표</li>
	<li>팀원 간 협업을 통한 Git 사용 및 코드 공유 경험 쌓기</li>
</ul>
 |gitbaby |2025-06-17 16:49:45 |2025-06-17 16:49:45 |0   |2   |
|4   |1234                              |<p>1324</p>
                                                                                                                                                                                                                                                                                                                                                                                                                                                                                                                                                                                      |gitbaby |2025-06-17 16:48:19 |2025-06-17 16:48:19 |0   |2   |
|3   |Lost pet turtles and rats         |I was on a trip to a chemical plant and I lost my pets!                                                                                                                                                                                                                                                                                                                                                                                                                                                                                                                                            |sae     |2025-06-13 15:04:13 |2025-06-13 15:04:13 |0   |2   |
|2   |Where is rail no.999?             |I cannot find it anywhere!                                                                                                                                                                                                                                                                                                                                                                                                                                                                                                                                                                         |sae     |2025-06-13 14:54:01 |2025-06-13 14:54:01 |0   |2   |
|1   |새똥이의 글                            |내용                                                                                                                                                                                                                                                                                                                                                                                                                                                                                                                                                                                                 |sae     |2025-06-12 17:37:02 |2025-06-12 17:37:02 |0   |2   |
|----|----------------------------------|---------------------------------------------------------------------------------------------------------------------------------------------------------------------------------------------------------------------------------------------------------------------------------------------------------------------------------------------------------------------------------------------------------------------------------------------------------------------------------------------------------------------------------------------------------------------------------------------------|--------|--------------------|--------------------|----|----|

10:40:22.122 INFO  BoardService - 새똥이의 글
10:40:22.124 INFO  BoardService - 새똥이의 글
10:40:22.124 INFO  BoardService - 새똥이의 글
10:40:22.124 INFO  BoardService - 새똥이의 글
10:40:22.124 INFO  BoardService - 새똥이의 글
10:40:22.124 INFO  BoardService - 새똥이의 글
10:40:22.126 INFO  BoardService - 새똥이의 글
10:40:22.126 INFO  BoardService - 새똥이의 글
10:40:22.131 INFO  BoardService - 새똥이의 글
10:40:22.132 INFO  BoardService - 새똥이의 글
10:40:22.133 INFO  BoardService - 새똥이의 글
10:40:22.134 INFO  BoardService - 새똥이의 글
10:40:22.134 INFO  BoardService - 새똥이의 글
10:40:22.134 INFO  BoardService - 새똥이의 글
10:40:22.134 INFO  BoardService - 새똥이의 글
10:40:22.134 INFO  BoardService - 새똥이의 글
10:40:22.136 INFO  BoardService - 새똥이의 글
10:40:22.136 INFO  BoardService - 새똥이의 글
10:40:22.136 INFO  BoardService - 새똥이의 글
10:40:22.137 INFO  BoardService - 새똥이의 글
10:40:22.137 INFO  BoardService - 새똥이의 글
10:40:22.137 INFO  BoardService - 새똥이의 글
10:40:22.137 INFO  BoardService - 새똥이의 글
10:40:22.137 INFO  BoardService - 새똥이의 글
10:40:22.138 INFO  BoardService - 새똥이의 글
10:40:22.138 INFO  BoardService - 새똥이의 글
10:40:22.138 INFO  BoardService - 새똥이의 글
10:40:22.138 INFO  BoardService - 새똥이의 글
10:40:22.138 INFO  BoardService - 새똥이의 글
10:40:22.139 INFO  BoardService - 새똥이의 글
10:40:22.140 INFO  BoardService - Where is the nearest gas station?
10:40:22.140 INFO  BoardService - BookFlix
10:40:22.141 INFO  BoardService - 1234
10:40:22.141 INFO  BoardService - Lost pet turtles and rats
10:40:22.141 INFO  BoardService - Where is rail no.999?
10:40:22.141 INFO  BoardService - 새똥이의 글
10:41:28.034 INFO  sqltiming - select * from tbl_board order by bno desc limit 10 offset 0
 {executed in 7 msec}
10:41:28.066 INFO  resultsettable - 
|----|----------------------------------|---------------------------------------------------------------------------------------------------------------------------------------------------------------------------------------------------------------------------------------------------------------------------------------------------------------------------------------------------------------------------------------------------------------------------------------------------------------------------------------------------------------------------------------------------------------------------------------------------|--------|--------------------|--------------------|----|----|
|bno |title                             |content                                                                                                                                                                                                                                                                                                                                                                                                                                                                                                                                                                                            |id      |regdate             |moddate             |cnt |cno |
|----|----------------------------------|---------------------------------------------------------------------------------------------------------------------------------------------------------------------------------------------------------------------------------------------------------------------------------------------------------------------------------------------------------------------------------------------------------------------------------------------------------------------------------------------------------------------------------------------------------------------------------------------------|--------|--------------------|--------------------|----|----|
|136 |새똥이의 글                            |내용                                                                                                                                                                                                                                                                                                                                                                                                                                                                                                                                                                                                 |sae     |2025-06-18 09:52:02 |2025-06-18 09:52:02 |0   |2   |
|135 |Where is rail no.999?             |I cannot find it anywhere!                                                                                                                                                                                                                                                                                                                                                                                                                                                                                                                                                                         |sae     |2025-06-18 09:52:02 |2025-06-18 09:52:02 |0   |2   |
|134 |Lost pet turtles and rats         |I was on a trip to a chemical plant and I lost my pets!                                                                                                                                                                                                                                                                                                                                                                                                                                                                                                                                            |sae     |2025-06-18 09:52:02 |2025-06-18 09:52:02 |0   |2   |
|133 |1234                              |<p>1324</p>
                                                                                                                                                                                                                                                                                                                                                                                                                                                                                                                                                                                      |gitbaby |2025-06-18 09:52:02 |2025-06-18 09:52:02 |0   |2   |
|132 |BookFlix                          |<h1>북플릭스</h1>

<p>&nbsp;</p>

<p>최근 디지털 콘텐츠 시장에서 전자책 구독 서비스가 주목받고 있는 점을 고려하여, 사용자가 멤버십을 통해 다양한 전자책을 자유롭게 열람할 수 있도록 지원하고, 구독 기간 관리 및 독서 이력을 통해 개인화된 독서 경험을 제공하는 구독형 전자책 플랫폼 구축</p>

<h1>프로젝트 목표</h1>

<p>&nbsp;</p>

<ul>
	<li>실제 구독형 콘텐츠 서비스의 흐름을 반영한 전자책 플랫폼의 기본 기능 구현</li>
	<li>Java와 Servlet을 활용하여 웹 애플리케이션 개발 실습 경험 축적</li>
	<li>데이터베이스 설계와 SQL 활용을 통해 관계형 데이터베이스(MariaDB) 사용 능력 향상</li>
	<li>객체지향 프로그래밍의 기본 원칙을 적용하여 유지보수가 가능한 코드 구조 설계 연습</li>
	<li>학습 중인 기술(Java, DB, HTML, CSS 등)을 실전 프로젝트에 적용하며 기초 실력을 다지는 것에 목표</li>
	<li>팀원 간 협업을 통한 Git 사용 및 코드 공유 경험 쌓기</li>
</ul>
 |gitbaby |2025-06-18 09:52:02 |2025-06-18 09:52:02 |0   |2   |
|131 |Where is the nearest gas station? |<p>I can&#39;t find a single station in this city!</p>
                                                                                                                                                                                                                                                                                                                                                                                                                                                                                                                                           |gitbaby |2025-06-18 09:52:02 |2025-06-18 09:52:02 |0   |2   |
|130 |새똥이의 글                            |내용                                                                                                                                                                                                                                                                                                                                                                                                                                                                                                                                                                                                 |sae     |2025-06-18 09:52:02 |2025-06-18 09:52:02 |0   |1   |
|129 |새똥이의 글                            |내용                                                                                                                                                                                                                                                                                                                                                                                                                                                                                                                                                                                                 |sae     |2025-06-18 09:52:02 |2025-06-18 09:52:02 |0   |1   |
|128 |새똥이의 글                            |내용                                                                                                                                                                                                                                                                                                                                                                                                                                                                                                                                                                                                 |sae     |2025-06-18 09:52:02 |2025-06-18 09:52:02 |0   |1   |
|127 |새똥이의 글                            |내용                                                                                                                                                                                                                                                                                                                                                                                                                                                                                                                                                                                                 |sae     |2025-06-18 09:52:02 |2025-06-18 09:52:02 |0   |1   |
|----|----------------------------------|---------------------------------------------------------------------------------------------------------------------------------------------------------------------------------------------------------------------------------------------------------------------------------------------------------------------------------------------------------------------------------------------------------------------------------------------------------------------------------------------------------------------------------------------------------------------------------------------------|--------|--------------------|--------------------|----|----|

10:41:28.096 INFO  BoardService - 새똥이의 글
10:41:28.098 INFO  BoardService - Where is rail no.999?
10:41:28.098 INFO  BoardService - Lost pet turtles and rats
10:41:28.099 INFO  BoardService - 1234
10:41:28.099 INFO  BoardService - BookFlix
10:41:28.099 INFO  BoardService - Where is the nearest gas station?
10:41:28.099 INFO  BoardService - 새똥이의 글
10:41:28.099 INFO  BoardService - 새똥이의 글
10:41:28.099 INFO  BoardService - 새똥이의 글
10:41:28.099 INFO  BoardService - 새똥이의 글
12:14:07.591 INFO  PageDto - PageDto(cri=Criteria(page=1, amount=10, cno=2), total=123, start=1, end=10, left=false, right=false, doubleLeft=false, doubleRight=false)
12:15:45.933 INFO  PageDto - PageDto(cri=Criteria(page=12, amount=10, cno=2), total=123, start=11, end=13, left=false, right=false, doubleLeft=false, doubleRight=false)
